  [1m[35m (7.0ms)[0m  [1m[35mCREATE TABLE "schema_migrations" ("version" varchar NOT NULL PRIMARY KEY)[0m
  [1m[35m (7.8ms)[0m  [1m[35mCREATE TABLE "ar_internal_metadata" ("key" varchar NOT NULL PRIMARY KEY, "value" varchar, "created_at" datetime(6) NOT NULL, "updated_at" datetime(6) NOT NULL)[0m
  [1m[36mActiveRecord::SchemaMigration Pluck (0.2ms)[0m  [1m[34mSELECT "schema_migrations"."version" FROM "schema_migrations" ORDER BY "schema_migrations"."version" ASC[0m
Migrating to CreateSecretMenuItems (20221209071220)
  [1m[36mTRANSACTION (0.1ms)[0m  [1m[36mbegin transaction[0m
  [1m[35m (0.5ms)[0m  [1m[35mCREATE TABLE "secret_menu_items" ("id" integer PRIMARY KEY AUTOINCREMENT NOT NULL, "menu_name" varchar, "restaurant_name" varchar, "menu_description" varchar, "created_at" datetime(6) NOT NULL, "updated_at" datetime(6) NOT NULL)[0m
  [1m[36mActiveRecord::SchemaMigration Create (0.4ms)[0m  [1m[32mINSERT INTO "schema_migrations" ("version") VALUES (?)[0m  [["version", "20221209071220"]]
  [1m[36mTRANSACTION (4.7ms)[0m  [1m[36mcommit transaction[0m
  [1m[36mActiveRecord::InternalMetadata Load (0.3ms)[0m  [1m[34mSELECT "ar_internal_metadata".* FROM "ar_internal_metadata" WHERE "ar_internal_metadata"."key" = ? LIMIT ?[0m  [["key", "environment"], ["LIMIT", 1]]
  [1m[36mTRANSACTION (0.1ms)[0m  [1m[36mbegin transaction[0m
  [1m[36mActiveRecord::InternalMetadata Create (0.4ms)[0m  [1m[32mINSERT INTO "ar_internal_metadata" ("key", "value", "created_at", "updated_at") VALUES (?, ?, ?, ?)[0m  [["key", "environment"], ["value", "development"], ["created_at", "2022-12-09 07:18:11.080449"], ["updated_at", "2022-12-09 07:18:11.080449"]]
  [1m[36mTRANSACTION (2.7ms)[0m  [1m[36mcommit transaction[0m
  [1m[36mActiveRecord::SchemaMigration Pluck (0.7ms)[0m  [1m[34mSELECT "schema_migrations"."version" FROM "schema_migrations" ORDER BY "schema_migrations"."version" ASC[0m
  [1m[36mActiveRecord::SchemaMigration Pluck (0.2ms)[0m  [1m[34mSELECT "schema_migrations"."version" FROM "schema_migrations" ORDER BY "schema_migrations"."version" ASC[0m
  [1m[36mTRANSACTION (0.1ms)[0m  [1m[36mbegin transaction[0m
  [1m[36mSecretMenuItem Create (0.7ms)[0m  [1m[32mINSERT INTO "secret_menu_items" ("menu_name", "restaurant_name", "menu_description", "created_at", "updated_at") VALUES (?, ?, ?, ?, ?)[0m  [["menu_name", "Chipotle Nachos"], ["restaurant_name", "Chipotle"], ["menu_description", "Build a plate of nachos with all of your favorite fixings"], ["created_at", "2022-12-09 07:28:06.121515"], ["updated_at", "2022-12-09 07:28:06.121515"]]
  [1m[36mTRANSACTION (3.3ms)[0m  [1m[36mcommit transaction[0m
  [1m[36mTRANSACTION (0.1ms)[0m  [1m[36mbegin transaction[0m
  [1m[36mSecretMenuItem Create (0.4ms)[0m  [1m[32mINSERT INTO "secret_menu_items" ("menu_name", "restaurant_name", "menu_description", "created_at", "updated_at") VALUES (?, ?, ?, ?, ?)[0m  [["menu_name", "Starbucks butterbeer Frappuccino"], ["restaurant_name", "Starbucks"], ["menu_description", "Combine three pumps of toffee nut syrup and three pumps of caramel with a Crème Frappuccino base"], ["created_at", "2022-12-09 07:28:06.130082"], ["updated_at", "2022-12-09 07:28:06.130082"]]
  [1m[36mTRANSACTION (3.7ms)[0m  [1m[36mcommit transaction[0m
  [1m[36mTRANSACTION (0.1ms)[0m  [1m[36mbegin transaction[0m
  [1m[36mSecretMenuItem Create (0.5ms)[0m  [1m[32mINSERT INTO "secret_menu_items" ("menu_name", "restaurant_name", "menu_description", "created_at", "updated_at") VALUES (?, ?, ?, ?, ?)[0m  [["menu_name", "Skittles"], ["restaurant_name", "Jamba Juice"], ["menu_description", "A mixture of lemonade, lime sherbet, frozen yogurt, and strawberries"], ["created_at", "2022-12-09 07:28:06.139836"], ["updated_at", "2022-12-09 07:28:06.139836"]]
  [1m[36mTRANSACTION (4.4ms)[0m  [1m[36mcommit transaction[0m
  [1m[36mSecretMenuItem Load (0.5ms)[0m  [1m[34mSELECT "secret_menu_items".* FROM "secret_menu_items"[0m
Started GET "/secret_menu_items" for 127.0.0.1 at 2022-12-09 13:18:59 +0530
  [1m[36mActiveRecord::SchemaMigration Pluck (0.2ms)[0m  [1m[34mSELECT "schema_migrations"."version" FROM "schema_migrations" ORDER BY "schema_migrations"."version" ASC[0m
Processing by SecretMenuItemsController#index as HTML
  [1m[36mSecretMenuItem Load (0.2ms)[0m  [1m[34mSELECT "secret_menu_items".* FROM "secret_menu_items"[0m
  ↳ app/controllers/secret_menu_items_controller.rb:4:in `index'
Completed 200 OK in 33ms (Views: 14.6ms | ActiveRecord: 0.8ms | Allocations: 38604)


